<?xml version="1.0" encoding="UTF-8"?>
<!-- Generated by org.testng.reporters.JUnitReportReporter -->
<testsuite hostname="win2019" failures="0" tests="1" name="com.dropdown.TestDD" time="13.529" errors="0" timestamp="2024-08-21T23:44:25 PDT" skipped="0">
  <testcase classname="com.dropdown.TestDD" name="setUp" time="13.529"/>
  <system-out/>
</testsuite> <!-- com.dropdown.TestDD -->
