<?xml version="1.0" encoding="UTF-8"?>
<!-- Generated by org.testng.reporters.JUnitReportReporter -->
<testsuite hostname="win2019" failures="0" tests="1" name="com.dropdown.TestDDMethods" time="9.492" errors="0" timestamp="2024-08-21T23:56:28 PDT" skipped="0">
  <testcase classname="com.dropdown.TestDDMethods" name="setUp" time="9.492"/>
  <system-out/>
</testsuite> <!-- com.dropdown.TestDDMethods -->
